integer function fi(bool x, integer y)|
{|
declare bool c;|
c = true;|
declare char d;|
d = 'D';|
declare integer z;|
z= x*(x+y);|
return z;|
};|
string function fs(string a, string b)|
{|
declare integer k;|
k = _pow(k, 2);|
return k;|
};|
main|
{|
declare integer x;|
declare integer y;|
declare integer z;|
declare string sa;|
declare string sb;|
declare string sc;|
if(x == y)|
[|
x = x - y;|
]|
else if(x != y)|
[|
x = x + y;|
]|
else|
[|
x = y;|
];|
x = 1;|
y = 5;|
sa = '1234567890';|
sb = '1234567890';|
z = _exp(4);|
z = fi(x,y);|
sc = fs(sa,sb);|
print 'контрольный пример';|
print z;|
print sc;|
_pause();|
return 0;|
};