e:\уник\курсач кпо\project1\project1\x64\debug\project1.pch
e:\уник\курсач кпо\project1\project1\x64\debug\vc143.pdb
e:\уник\курсач кпо\project1\project1\x64\debug\vc143.idb
e:\уник\курсач кпо\project1\project1\x64\debug\error.obj
e:\уник\курсач кпо\project1\project1\x64\debug\fst.obj
e:\уник\курсач кпо\project1\project1\x64\debug\grb.obj
e:\уник\курсач кпо\project1\project1\x64\debug\it.obj
e:\уник\курсач кпо\project1\project1\x64\debug\in.obj
e:\уник\курсач кпо\project1\project1\x64\debug\lt.obj
e:\уник\курсач кпо\project1\project1\x64\debug\lexanalize.obj
e:\уник\курсач кпо\project1\project1\x64\debug\log.obj
e:\уник\курсач кпо\project1\project1\x64\debug\mfst.obj
e:\уник\курсач кпо\project1\project1\x64\debug\parm.obj
e:\уник\курсач кпо\project1\project1\x64\debug\main.obj
e:\уник\курсач кпо\project1\project1\x64\debug\stdafx.obj
e:\уник\курсач кпо\project1\x64\debug\project1.exe
e:\уник\курсач кпо\project1\x64\debug\project1.pdb
e:\уник\курсач кпо\project1\project1\x64\debug\project1.ilk
e:\уник\курсач кпо\project1\project1\x64\debug\project1.tlog\cl.command.1.tlog
e:\уник\курсач кпо\project1\project1\x64\debug\project1.tlog\cl.items.tlog
e:\уник\курсач кпо\project1\project1\x64\debug\project1.tlog\cl.read.1.tlog
e:\уник\курсач кпо\project1\project1\x64\debug\project1.tlog\cl.write.1.tlog
e:\уник\курсач кпо\project1\project1\x64\debug\project1.tlog\link.command.1.tlog
e:\уник\курсач кпо\project1\project1\x64\debug\project1.tlog\link.read.1.tlog
e:\уник\курсач кпо\project1\project1\x64\debug\project1.tlog\link.secondary.1.tlog
e:\уник\курсач кпо\project1\project1\x64\debug\project1.tlog\link.write.1.tlog
